SwanLab INFO [2024-02-19 22:16:03,359] Experiment GAN has been registered.
SwanLab INFO [2024-02-19 22:16:03,360] Run data will be saved locally in C:\LearningGit\Learning Project\GAN\logs\run-20240219_221602-bbae70a0
SwanLab INFO [2024-02-19 22:16:03,360] Experiment_name: GAN_2024-02-19_22-16-02
SwanLab INFO [2024-02-19 22:16:03,360] Run `swanlab watch` to view SwanLab Experiment Dashboard
SwanLab WARNING [2024-02-19 22:16:22,190] Step 937 on tag loss already exists, ignored.
SwanLab WARNING [2024-02-19 22:16:22,192] Step 937 on tag loss already exists, ignored.
SwanLab WARNING [2024-02-19 22:16:22,193] Step 937 on tag loss already exists, ignored.
SwanLab WARNING [2024-02-19 22:16:40,547] Step 1874 on tag loss already exists, ignored.
SwanLab WARNING [2024-02-19 22:16:40,558] Step 1874 on tag loss already exists, ignored.
SwanLab WARNING [2024-02-19 22:16:40,560] Step 1874 on tag loss already exists, ignored.
SwanLab WARNING [2024-02-19 22:16:58,631] Step 2811 on tag loss already exists, ignored.
SwanLab WARNING [2024-02-19 22:16:58,633] Step 2811 on tag loss already exists, ignored.
SwanLab WARNING [2024-02-19 22:16:58,635] Step 2811 on tag loss already exists, ignored.
SwanLab WARNING [2024-02-19 22:17:16,968] Step 3748 on tag loss already exists, ignored.
SwanLab WARNING [2024-02-19 22:17:16,971] Step 3748 on tag loss already exists, ignored.
SwanLab WARNING [2024-02-19 22:17:16,972] Step 3748 on tag loss already exists, ignored.
SwanLab WARNING [2024-02-19 22:17:35,878] Step 4685 on tag loss already exists, ignored.
SwanLab WARNING [2024-02-19 22:17:35,879] Step 4685 on tag loss already exists, ignored.
SwanLab WARNING [2024-02-19 22:17:35,880] Step 4685 on tag loss already exists, ignored.
SwanLab WARNING [2024-02-19 22:17:54,064] Step 5622 on tag loss already exists, ignored.
SwanLab WARNING [2024-02-19 22:17:54,065] Step 5622 on tag loss already exists, ignored.
SwanLab WARNING [2024-02-19 22:17:54,067] Step 5622 on tag loss already exists, ignored.
SwanLab WARNING [2024-02-19 22:18:12,593] Step 6559 on tag loss already exists, ignored.
SwanLab WARNING [2024-02-19 22:18:12,594] Step 6559 on tag loss already exists, ignored.
SwanLab WARNING [2024-02-19 22:18:12,595] Step 6559 on tag loss already exists, ignored.
SwanLab WARNING [2024-02-19 22:18:30,604] Step 7496 on tag loss already exists, ignored.
SwanLab WARNING [2024-02-19 22:18:30,607] Step 7496 on tag loss already exists, ignored.
SwanLab WARNING [2024-02-19 22:18:30,608] Step 7496 on tag loss already exists, ignored.
SwanLab WARNING [2024-02-19 22:18:49,223] Step 8433 on tag loss already exists, ignored.
SwanLab WARNING [2024-02-19 22:18:49,225] Step 8433 on tag loss already exists, ignored.
SwanLab WARNING [2024-02-19 22:18:49,226] Step 8433 on tag loss already exists, ignored.
SwanLab WARNING [2024-02-19 22:19:07,475] Step 9370 on tag loss already exists, ignored.
SwanLab WARNING [2024-02-19 22:19:07,477] Step 9370 on tag loss already exists, ignored.
SwanLab WARNING [2024-02-19 22:19:07,477] Step 9370 on tag loss already exists, ignored.
SwanLab WARNING [2024-02-19 22:19:25,983] Step 10307 on tag loss already exists, ignored.
SwanLab WARNING [2024-02-19 22:19:25,984] Step 10307 on tag loss already exists, ignored.
SwanLab WARNING [2024-02-19 22:19:25,986] Step 10307 on tag loss already exists, ignored.
SwanLab WARNING [2024-02-19 22:19:44,247] Step 11244 on tag loss already exists, ignored.
SwanLab WARNING [2024-02-19 22:19:44,249] Step 11244 on tag loss already exists, ignored.
SwanLab WARNING [2024-02-19 22:19:44,250] Step 11244 on tag loss already exists, ignored.
SwanLab WARNING [2024-02-19 22:20:02,886] Step 12181 on tag loss already exists, ignored.
SwanLab WARNING [2024-02-19 22:20:02,887] Step 12181 on tag loss already exists, ignored.
SwanLab WARNING [2024-02-19 22:20:02,888] Step 12181 on tag loss already exists, ignored.
SwanLab WARNING [2024-02-19 22:20:21,120] Step 13118 on tag loss already exists, ignored.
SwanLab WARNING [2024-02-19 22:20:21,121] Step 13118 on tag loss already exists, ignored.
SwanLab WARNING [2024-02-19 22:20:21,122] Step 13118 on tag loss already exists, ignored.
SwanLab WARNING [2024-02-19 22:20:39,586] Step 14055 on tag loss already exists, ignored.
SwanLab WARNING [2024-02-19 22:20:39,587] Step 14055 on tag loss already exists, ignored.
SwanLab WARNING [2024-02-19 22:20:39,589] Step 14055 on tag loss already exists, ignored.
SwanLab WARNING [2024-02-19 22:20:58,411] Step 14992 on tag loss already exists, ignored.
SwanLab WARNING [2024-02-19 22:20:58,413] Step 14992 on tag loss already exists, ignored.
SwanLab WARNING [2024-02-19 22:20:58,417] Step 14992 on tag loss already exists, ignored.
SwanLab WARNING [2024-02-19 22:21:17,708] Step 15929 on tag loss already exists, ignored.
SwanLab WARNING [2024-02-19 22:21:17,710] Step 15929 on tag loss already exists, ignored.
SwanLab WARNING [2024-02-19 22:21:17,712] Step 15929 on tag loss already exists, ignored.
SwanLab WARNING [2024-02-19 22:21:36,473] Step 16866 on tag loss already exists, ignored.
SwanLab WARNING [2024-02-19 22:21:36,475] Step 16866 on tag loss already exists, ignored.
SwanLab WARNING [2024-02-19 22:21:36,477] Step 16866 on tag loss already exists, ignored.
SwanLab WARNING [2024-02-19 22:21:55,255] Step 17803 on tag loss already exists, ignored.
SwanLab WARNING [2024-02-19 22:21:55,258] Step 17803 on tag loss already exists, ignored.
SwanLab WARNING [2024-02-19 22:21:55,260] Step 17803 on tag loss already exists, ignored.
SwanLab WARNING [2024-02-19 22:22:14,146] Step 18740 on tag loss already exists, ignored.
SwanLab WARNING [2024-02-19 22:22:14,148] Step 18740 on tag loss already exists, ignored.
SwanLab WARNING [2024-02-19 22:22:14,149] Step 18740 on tag loss already exists, ignored.
SwanLab WARNING [2024-02-19 22:22:32,950] Step 19677 on tag loss already exists, ignored.
SwanLab WARNING [2024-02-19 22:22:32,952] Step 19677 on tag loss already exists, ignored.
SwanLab WARNING [2024-02-19 22:22:32,953] Step 19677 on tag loss already exists, ignored.
SwanLab WARNING [2024-02-19 22:22:51,861] Step 20614 on tag loss already exists, ignored.
SwanLab WARNING [2024-02-19 22:22:51,862] Step 20614 on tag loss already exists, ignored.
SwanLab WARNING [2024-02-19 22:22:51,863] Step 20614 on tag loss already exists, ignored.
SwanLab WARNING [2024-02-19 22:23:10,697] Step 21551 on tag loss already exists, ignored.
SwanLab WARNING [2024-02-19 22:23:10,698] Step 21551 on tag loss already exists, ignored.
SwanLab WARNING [2024-02-19 22:23:10,699] Step 21551 on tag loss already exists, ignored.
SwanLab WARNING [2024-02-19 22:23:29,764] Step 22488 on tag loss already exists, ignored.
SwanLab WARNING [2024-02-19 22:23:29,765] Step 22488 on tag loss already exists, ignored.
SwanLab WARNING [2024-02-19 22:23:29,766] Step 22488 on tag loss already exists, ignored.
SwanLab WARNING [2024-02-19 22:23:48,624] Step 23425 on tag loss already exists, ignored.
SwanLab WARNING [2024-02-19 22:23:48,626] Step 23425 on tag loss already exists, ignored.
SwanLab WARNING [2024-02-19 22:23:48,630] Step 23425 on tag loss already exists, ignored.
SwanLab WARNING [2024-02-19 22:24:07,654] Step 24362 on tag loss already exists, ignored.
SwanLab WARNING [2024-02-19 22:24:07,655] Step 24362 on tag loss already exists, ignored.
SwanLab WARNING [2024-02-19 22:24:07,657] Step 24362 on tag loss already exists, ignored.
SwanLab WARNING [2024-02-19 22:24:26,529] Step 25299 on tag loss already exists, ignored.
SwanLab WARNING [2024-02-19 22:24:26,530] Step 25299 on tag loss already exists, ignored.
SwanLab WARNING [2024-02-19 22:24:26,532] Step 25299 on tag loss already exists, ignored.
SwanLab WARNING [2024-02-19 22:24:45,524] Step 26236 on tag loss already exists, ignored.
SwanLab WARNING [2024-02-19 22:24:45,528] Step 26236 on tag loss already exists, ignored.
SwanLab WARNING [2024-02-19 22:24:45,530] Step 26236 on tag loss already exists, ignored.
SwanLab WARNING [2024-02-19 22:25:04,517] Step 27173 on tag loss already exists, ignored.
SwanLab WARNING [2024-02-19 22:25:04,519] Step 27173 on tag loss already exists, ignored.
SwanLab WARNING [2024-02-19 22:25:04,520] Step 27173 on tag loss already exists, ignored.
SwanLab WARNING [2024-02-19 22:25:23,421] Step 28110 on tag loss already exists, ignored.
SwanLab WARNING [2024-02-19 22:25:23,423] Step 28110 on tag loss already exists, ignored.
SwanLab WARNING [2024-02-19 22:25:23,426] Step 28110 on tag loss already exists, ignored.
SwanLab WARNING [2024-02-19 22:25:42,528] Step 29047 on tag loss already exists, ignored.
SwanLab WARNING [2024-02-19 22:25:42,530] Step 29047 on tag loss already exists, ignored.
SwanLab WARNING [2024-02-19 22:25:42,532] Step 29047 on tag loss already exists, ignored.
SwanLab WARNING [2024-02-19 22:26:01,577] Step 29984 on tag loss already exists, ignored.
SwanLab WARNING [2024-02-19 22:26:01,578] Step 29984 on tag loss already exists, ignored.
SwanLab WARNING [2024-02-19 22:26:01,579] Step 29984 on tag loss already exists, ignored.
SwanLab WARNING [2024-02-19 22:26:20,448] Step 30921 on tag loss already exists, ignored.
SwanLab WARNING [2024-02-19 22:26:20,451] Step 30921 on tag loss already exists, ignored.
SwanLab WARNING [2024-02-19 22:26:20,452] Step 30921 on tag loss already exists, ignored.
SwanLab WARNING [2024-02-19 22:26:39,193] Step 31858 on tag loss already exists, ignored.
SwanLab WARNING [2024-02-19 22:26:39,194] Step 31858 on tag loss already exists, ignored.
SwanLab WARNING [2024-02-19 22:26:39,195] Step 31858 on tag loss already exists, ignored.
SwanLab WARNING [2024-02-19 22:26:58,277] Step 32795 on tag loss already exists, ignored.
SwanLab WARNING [2024-02-19 22:26:58,278] Step 32795 on tag loss already exists, ignored.
SwanLab WARNING [2024-02-19 22:26:58,280] Step 32795 on tag loss already exists, ignored.
SwanLab WARNING [2024-02-19 22:27:16,974] Step 33732 on tag loss already exists, ignored.
SwanLab WARNING [2024-02-19 22:27:16,975] Step 33732 on tag loss already exists, ignored.
SwanLab WARNING [2024-02-19 22:27:16,976] Step 33732 on tag loss already exists, ignored.
SwanLab WARNING [2024-02-19 22:27:36,035] Step 34669 on tag loss already exists, ignored.
SwanLab WARNING [2024-02-19 22:27:36,038] Step 34669 on tag loss already exists, ignored.
SwanLab WARNING [2024-02-19 22:27:36,039] Step 34669 on tag loss already exists, ignored.
SwanLab WARNING [2024-02-19 22:27:54,858] Step 35606 on tag loss already exists, ignored.
SwanLab WARNING [2024-02-19 22:27:54,859] Step 35606 on tag loss already exists, ignored.
SwanLab WARNING [2024-02-19 22:27:54,860] Step 35606 on tag loss already exists, ignored.
SwanLab WARNING [2024-02-19 22:28:13,743] Step 36543 on tag loss already exists, ignored.
SwanLab WARNING [2024-02-19 22:28:13,745] Step 36543 on tag loss already exists, ignored.
SwanLab WARNING [2024-02-19 22:28:13,746] Step 36543 on tag loss already exists, ignored.
SwanLab WARNING [2024-02-19 22:28:32,515] Step 37480 on tag loss already exists, ignored.
SwanLab WARNING [2024-02-19 22:28:32,519] Step 37480 on tag loss already exists, ignored.
SwanLab WARNING [2024-02-19 22:28:32,521] Step 37480 on tag loss already exists, ignored.
SwanLab WARNING [2024-02-19 22:28:51,509] Step 38417 on tag loss already exists, ignored.
SwanLab WARNING [2024-02-19 22:28:51,511] Step 38417 on tag loss already exists, ignored.
SwanLab WARNING [2024-02-19 22:28:51,512] Step 38417 on tag loss already exists, ignored.
SwanLab WARNING [2024-02-19 22:29:10,378] Step 39354 on tag loss already exists, ignored.
SwanLab WARNING [2024-02-19 22:29:10,379] Step 39354 on tag loss already exists, ignored.
SwanLab WARNING [2024-02-19 22:29:10,381] Step 39354 on tag loss already exists, ignored.
SwanLab WARNING [2024-02-19 22:29:29,142] Step 40291 on tag loss already exists, ignored.
SwanLab WARNING [2024-02-19 22:29:29,143] Step 40291 on tag loss already exists, ignored.
SwanLab WARNING [2024-02-19 22:29:29,144] Step 40291 on tag loss already exists, ignored.
SwanLab WARNING [2024-02-19 22:29:48,156] Step 41228 on tag loss already exists, ignored.
SwanLab WARNING [2024-02-19 22:29:48,157] Step 41228 on tag loss already exists, ignored.
SwanLab WARNING [2024-02-19 22:29:48,159] Step 41228 on tag loss already exists, ignored.
SwanLab WARNING [2024-02-19 22:30:06,968] Step 42165 on tag loss already exists, ignored.
SwanLab WARNING [2024-02-19 22:30:06,969] Step 42165 on tag loss already exists, ignored.
SwanLab WARNING [2024-02-19 22:30:06,971] Step 42165 on tag loss already exists, ignored.
SwanLab WARNING [2024-02-19 22:30:25,983] Step 43102 on tag loss already exists, ignored.
SwanLab WARNING [2024-02-19 22:30:25,984] Step 43102 on tag loss already exists, ignored.
SwanLab WARNING [2024-02-19 22:30:25,985] Step 43102 on tag loss already exists, ignored.
SwanLab WARNING [2024-02-19 22:30:44,790] Step 44039 on tag loss already exists, ignored.
SwanLab WARNING [2024-02-19 22:30:44,792] Step 44039 on tag loss already exists, ignored.
SwanLab WARNING [2024-02-19 22:30:44,794] Step 44039 on tag loss already exists, ignored.
SwanLab WARNING [2024-02-19 22:31:03,753] Step 44976 on tag loss already exists, ignored.
SwanLab WARNING [2024-02-19 22:31:03,755] Step 44976 on tag loss already exists, ignored.
SwanLab WARNING [2024-02-19 22:31:03,756] Step 44976 on tag loss already exists, ignored.
SwanLab WARNING [2024-02-19 22:31:22,466] Step 45913 on tag loss already exists, ignored.
SwanLab WARNING [2024-02-19 22:31:22,467] Step 45913 on tag loss already exists, ignored.
SwanLab WARNING [2024-02-19 22:31:22,469] Step 45913 on tag loss already exists, ignored.
SwanLab WARNING [2024-02-19 22:31:41,538] Step 46850 on tag loss already exists, ignored.
SwanLab WARNING [2024-02-19 22:31:41,540] Step 46850 on tag loss already exists, ignored.
SwanLab WARNING [2024-02-19 22:31:41,541] Step 46850 on tag loss already exists, ignored.
SwanLab WARNING [2024-02-19 22:32:00,281] Step 47787 on tag loss already exists, ignored.
SwanLab WARNING [2024-02-19 22:32:00,283] Step 47787 on tag loss already exists, ignored.
SwanLab WARNING [2024-02-19 22:32:00,284] Step 47787 on tag loss already exists, ignored.
SwanLab WARNING [2024-02-19 22:32:19,307] Step 48724 on tag loss already exists, ignored.
SwanLab WARNING [2024-02-19 22:32:19,308] Step 48724 on tag loss already exists, ignored.
SwanLab WARNING [2024-02-19 22:32:19,311] Step 48724 on tag loss already exists, ignored.
SwanLab WARNING [2024-02-19 22:32:38,149] Step 49661 on tag loss already exists, ignored.
SwanLab WARNING [2024-02-19 22:32:38,151] Step 49661 on tag loss already exists, ignored.
SwanLab WARNING [2024-02-19 22:32:38,153] Step 49661 on tag loss already exists, ignored.
SwanLab WARNING [2024-02-19 22:32:57,301] Step 50598 on tag loss already exists, ignored.
SwanLab WARNING [2024-02-19 22:32:57,302] Step 50598 on tag loss already exists, ignored.
SwanLab WARNING [2024-02-19 22:32:57,304] Step 50598 on tag loss already exists, ignored.
SwanLab WARNING [2024-02-19 22:33:16,270] Step 51535 on tag loss already exists, ignored.
SwanLab WARNING [2024-02-19 22:33:16,271] Step 51535 on tag loss already exists, ignored.
SwanLab WARNING [2024-02-19 22:33:16,274] Step 51535 on tag loss already exists, ignored.
SwanLab WARNING [2024-02-19 22:33:35,027] Step 52472 on tag loss already exists, ignored.
SwanLab WARNING [2024-02-19 22:33:35,029] Step 52472 on tag loss already exists, ignored.
SwanLab WARNING [2024-02-19 22:33:35,031] Step 52472 on tag loss already exists, ignored.
SwanLab WARNING [2024-02-19 22:33:54,462] Step 53409 on tag loss already exists, ignored.
SwanLab WARNING [2024-02-19 22:33:54,464] Step 53409 on tag loss already exists, ignored.
SwanLab WARNING [2024-02-19 22:33:54,465] Step 53409 on tag loss already exists, ignored.
SwanLab WARNING [2024-02-19 22:34:13,235] Step 54346 on tag loss already exists, ignored.
SwanLab WARNING [2024-02-19 22:34:13,237] Step 54346 on tag loss already exists, ignored.
SwanLab WARNING [2024-02-19 22:34:13,239] Step 54346 on tag loss already exists, ignored.
SwanLab WARNING [2024-02-19 22:34:32,199] Step 55283 on tag loss already exists, ignored.
SwanLab WARNING [2024-02-19 22:34:32,200] Step 55283 on tag loss already exists, ignored.
SwanLab WARNING [2024-02-19 22:34:32,200] Step 55283 on tag loss already exists, ignored.
SwanLab WARNING [2024-02-19 22:34:51,072] Step 56220 on tag loss already exists, ignored.
SwanLab WARNING [2024-02-19 22:34:51,073] Step 56220 on tag loss already exists, ignored.
SwanLab WARNING [2024-02-19 22:34:51,077] Step 56220 on tag loss already exists, ignored.
SwanLab WARNING [2024-02-19 22:35:10,193] Step 57157 on tag loss already exists, ignored.
SwanLab WARNING [2024-02-19 22:35:10,194] Step 57157 on tag loss already exists, ignored.
SwanLab WARNING [2024-02-19 22:35:10,195] Step 57157 on tag loss already exists, ignored.
SwanLab WARNING [2024-02-19 22:35:28,915] Step 58094 on tag loss already exists, ignored.
SwanLab WARNING [2024-02-19 22:35:28,916] Step 58094 on tag loss already exists, ignored.
SwanLab WARNING [2024-02-19 22:35:28,917] Step 58094 on tag loss already exists, ignored.
SwanLab WARNING [2024-02-19 22:35:48,028] Step 59031 on tag loss already exists, ignored.
SwanLab WARNING [2024-02-19 22:35:48,029] Step 59031 on tag loss already exists, ignored.
SwanLab WARNING [2024-02-19 22:35:48,031] Step 59031 on tag loss already exists, ignored.
SwanLab WARNING [2024-02-19 22:36:07,150] Step 59968 on tag loss already exists, ignored.
SwanLab WARNING [2024-02-19 22:36:07,152] Step 59968 on tag loss already exists, ignored.
SwanLab WARNING [2024-02-19 22:36:07,153] Step 59968 on tag loss already exists, ignored.
SwanLab WARNING [2024-02-19 22:36:25,934] Step 60905 on tag loss already exists, ignored.
SwanLab WARNING [2024-02-19 22:36:25,935] Step 60905 on tag loss already exists, ignored.
SwanLab WARNING [2024-02-19 22:36:25,937] Step 60905 on tag loss already exists, ignored.
SwanLab WARNING [2024-02-19 22:36:44,945] Step 61842 on tag loss already exists, ignored.
SwanLab WARNING [2024-02-19 22:36:44,946] Step 61842 on tag loss already exists, ignored.
SwanLab WARNING [2024-02-19 22:36:44,948] Step 61842 on tag loss already exists, ignored.
SwanLab WARNING [2024-02-19 22:37:03,740] Step 62779 on tag loss already exists, ignored.
SwanLab WARNING [2024-02-19 22:37:03,742] Step 62779 on tag loss already exists, ignored.
SwanLab WARNING [2024-02-19 22:37:03,743] Step 62779 on tag loss already exists, ignored.
SwanLab WARNING [2024-02-19 22:37:23,184] Step 63716 on tag loss already exists, ignored.
SwanLab WARNING [2024-02-19 22:37:23,186] Step 63716 on tag loss already exists, ignored.
SwanLab WARNING [2024-02-19 22:37:23,188] Step 63716 on tag loss already exists, ignored.
SwanLab WARNING [2024-02-19 22:37:42,085] Step 64653 on tag loss already exists, ignored.
SwanLab WARNING [2024-02-19 22:37:42,087] Step 64653 on tag loss already exists, ignored.
SwanLab WARNING [2024-02-19 22:37:42,090] Step 64653 on tag loss already exists, ignored.
SwanLab WARNING [2024-02-19 22:38:01,335] Step 65590 on tag loss already exists, ignored.
SwanLab WARNING [2024-02-19 22:38:01,336] Step 65590 on tag loss already exists, ignored.
SwanLab WARNING [2024-02-19 22:38:01,340] Step 65590 on tag loss already exists, ignored.
SwanLab WARNING [2024-02-19 22:38:20,088] Step 66527 on tag loss already exists, ignored.
SwanLab WARNING [2024-02-19 22:38:20,090] Step 66527 on tag loss already exists, ignored.
SwanLab WARNING [2024-02-19 22:38:20,090] Step 66527 on tag loss already exists, ignored.
SwanLab WARNING [2024-02-19 22:38:39,043] Step 67464 on tag loss already exists, ignored.
SwanLab WARNING [2024-02-19 22:38:39,044] Step 67464 on tag loss already exists, ignored.
SwanLab WARNING [2024-02-19 22:38:39,046] Step 67464 on tag loss already exists, ignored.
SwanLab WARNING [2024-02-19 22:38:58,100] Step 68401 on tag loss already exists, ignored.
SwanLab WARNING [2024-02-19 22:38:58,103] Step 68401 on tag loss already exists, ignored.
SwanLab WARNING [2024-02-19 22:38:58,105] Step 68401 on tag loss already exists, ignored.
SwanLab WARNING [2024-02-19 22:39:17,140] Step 69338 on tag loss already exists, ignored.
SwanLab WARNING [2024-02-19 22:39:17,141] Step 69338 on tag loss already exists, ignored.
SwanLab WARNING [2024-02-19 22:39:17,142] Step 69338 on tag loss already exists, ignored.
SwanLab WARNING [2024-02-19 22:39:36,087] Step 70275 on tag loss already exists, ignored.
SwanLab WARNING [2024-02-19 22:39:36,088] Step 70275 on tag loss already exists, ignored.
SwanLab WARNING [2024-02-19 22:39:36,089] Step 70275 on tag loss already exists, ignored.
SwanLab WARNING [2024-02-19 22:39:55,132] Step 71212 on tag loss already exists, ignored.
SwanLab WARNING [2024-02-19 22:39:55,135] Step 71212 on tag loss already exists, ignored.
SwanLab WARNING [2024-02-19 22:39:55,136] Step 71212 on tag loss already exists, ignored.
SwanLab WARNING [2024-02-19 22:40:14,884] Step 72149 on tag loss already exists, ignored.
SwanLab WARNING [2024-02-19 22:40:14,888] Step 72149 on tag loss already exists, ignored.
SwanLab WARNING [2024-02-19 22:40:14,890] Step 72149 on tag loss already exists, ignored.
SwanLab WARNING [2024-02-19 22:40:33,574] Step 73086 on tag loss already exists, ignored.
SwanLab WARNING [2024-02-19 22:40:33,576] Step 73086 on tag loss already exists, ignored.
SwanLab WARNING [2024-02-19 22:40:33,577] Step 73086 on tag loss already exists, ignored.
SwanLab WARNING [2024-02-19 22:40:52,599] Step 74023 on tag loss already exists, ignored.
SwanLab WARNING [2024-02-19 22:40:52,600] Step 74023 on tag loss already exists, ignored.
SwanLab WARNING [2024-02-19 22:40:52,601] Step 74023 on tag loss already exists, ignored.
SwanLab WARNING [2024-02-19 22:41:11,575] Step 74960 on tag loss already exists, ignored.
SwanLab WARNING [2024-02-19 22:41:11,577] Step 74960 on tag loss already exists, ignored.
SwanLab WARNING [2024-02-19 22:41:11,580] Step 74960 on tag loss already exists, ignored.
SwanLab WARNING [2024-02-19 22:41:30,615] Step 75897 on tag loss already exists, ignored.
SwanLab WARNING [2024-02-19 22:41:30,616] Step 75897 on tag loss already exists, ignored.
SwanLab WARNING [2024-02-19 22:41:30,618] Step 75897 on tag loss already exists, ignored.
SwanLab WARNING [2024-02-19 22:41:49,512] Step 76834 on tag loss already exists, ignored.
SwanLab WARNING [2024-02-19 22:41:49,513] Step 76834 on tag loss already exists, ignored.
SwanLab WARNING [2024-02-19 22:41:49,514] Step 76834 on tag loss already exists, ignored.
SwanLab WARNING [2024-02-19 22:42:08,418] Step 77771 on tag loss already exists, ignored.
SwanLab WARNING [2024-02-19 22:42:08,419] Step 77771 on tag loss already exists, ignored.
SwanLab WARNING [2024-02-19 22:42:08,421] Step 77771 on tag loss already exists, ignored.
SwanLab WARNING [2024-02-19 22:42:27,150] Step 78708 on tag loss already exists, ignored.
SwanLab WARNING [2024-02-19 22:42:27,153] Step 78708 on tag loss already exists, ignored.
SwanLab WARNING [2024-02-19 22:42:27,156] Step 78708 on tag loss already exists, ignored.
SwanLab WARNING [2024-02-19 22:42:46,159] Step 79645 on tag loss already exists, ignored.
SwanLab WARNING [2024-02-19 22:42:46,160] Step 79645 on tag loss already exists, ignored.
SwanLab WARNING [2024-02-19 22:42:46,161] Step 79645 on tag loss already exists, ignored.
SwanLab WARNING [2024-02-19 22:43:04,892] Step 80582 on tag loss already exists, ignored.
SwanLab WARNING [2024-02-19 22:43:04,894] Step 80582 on tag loss already exists, ignored.
SwanLab WARNING [2024-02-19 22:43:04,896] Step 80582 on tag loss already exists, ignored.
SwanLab WARNING [2024-02-19 22:43:23,467] Step 81519 on tag loss already exists, ignored.
SwanLab WARNING [2024-02-19 22:43:23,468] Step 81519 on tag loss already exists, ignored.
SwanLab WARNING [2024-02-19 22:43:23,469] Step 81519 on tag loss already exists, ignored.
SwanLab ERROR [2024-02-19 22:43:36,179] Error happended while training, SwanLab will throw it
